[2024-01-10 10:57:08] local.INFO: Detected N+1 Query  
[2024-01-10 10:57:08] local.INFO: Model: App\Models\Voucher
Relation: user
Num-Called: 8
Call-Stack:
#18 /storage/framework/views/422b7873d3f56302fede2fdde8497cdd02d96c90.php:55
#20 /vendor/laravel/framework/src/Illuminate/Filesystem/Filesystem.php:110
#21 /vendor/laravel/framework/src/Illuminate/View/Engines/PhpEngine.php:58
#22 /vendor/laravel/framework/src/Illuminate/View/Engines/CompilerEngine.php:70
#23 /vendor/laravel/framework/src/Illuminate/View/View.php:195
#24 /vendor/laravel/framework/src/Illuminate/View/View.php:178
#25 /vendor/laravel/framework/src/Illuminate/View/View.php:147
#26 /vendor/laravel/framework/src/Illuminate/Http/Response.php:69
#27 /vendor/laravel/framework/src/Illuminate/Http/Response.php:35
#28 /vendor/laravel/framework/src/Illuminate/Routing/Router.php:906
#29 /vendor/laravel/framework/src/Illuminate/Routing/Router.php:875
#30 /vendor/laravel/framework/src/Illuminate/Routing/Router.php:797
#31 /vendor/laravel/framework/src/Illuminate/Pipeline/Pipeline.php:141
#32 /app/Http/Middleware/AllowVoucher.php:23
#33 /vendor/laravel/framework/src/Illuminate/Pipeline/Pipeline.php:180
#34 /app/Http/Middleware/AdminPermissionMiddleware.php:28
#35 /vendor/laravel/framework/src/Illuminate/Pipeline/Pipeline.php:180
#36 /app/Http/Middleware/RedirectIfNotAdmin.php:23
#37 /vendor/laravel/framework/src/Illuminate/Pipeline/Pipeline.php:180
#38 /app/Http/Middleware/LanguageMiddleware.php:21
#39 /vendor/laravel/framework/src/Illuminate/Pipeline/Pipeline.php:180
#40 /vendor/laravel/framework/src/Illuminate/Routing/Middleware/SubstituteBindings.php:50
#41 /vendor/laravel/framework/src/Illuminate/Pipeline/Pipeline.php:180
#42 /vendor/laravel/framework/src/Illuminate/Foundation/Http/Middleware/VerifyCsrfToken.php:78
#43 /vendor/laravel/framework/src/Illuminate/Pipeline/Pipeline.php:180
#44 /vendor/laravel/framework/src/Illuminate/View/Middleware/ShareErrorsFromSession.php:49
#45 /vendor/laravel/framework/src/Illuminate/Pipeline/Pipeline.php:180
#46 /vendor/laravel/framework/src/Illuminate/Session/Middleware/StartSession.php:121
#47 /vendor/laravel/framework/src/Illuminate/Session/Middleware/StartSession.php:64
#48 /vendor/laravel/framework/src/Illuminate/Pipeline/Pipeline.php:180
#49 /vendor/laravel/framework/src/Illuminate/Cookie/Middleware/AddQueuedCookiesToResponse.php:37
  
[2024-01-10 10:57:34] local.INFO: Detected N+1 Query  
[2024-01-10 10:57:34] local.INFO: Model: App\Models\Voucher
Relation: user
Num-Called: 8
Call-Stack:
#18 /storage/framework/views/422b7873d3f56302fede2fdde8497cdd02d96c90.php:55
#20 /vendor/laravel/framework/src/Illuminate/Filesystem/Filesystem.php:110
#21 /vendor/laravel/framework/src/Illuminate/View/Engines/PhpEngine.php:58
#22 /vendor/laravel/framework/src/Illuminate/View/Engines/CompilerEngine.php:70
#23 /vendor/laravel/framework/src/Illuminate/View/View.php:195
#24 /vendor/laravel/framework/src/Illuminate/View/View.php:178
#25 /vendor/laravel/framework/src/Illuminate/View/View.php:147
#26 /vendor/laravel/framework/src/Illuminate/Http/Response.php:69
#27 /vendor/laravel/framework/src/Illuminate/Http/Response.php:35
#28 /vendor/laravel/framework/src/Illuminate/Routing/Router.php:906
#29 /vendor/laravel/framework/src/Illuminate/Routing/Router.php:875
#30 /vendor/laravel/framework/src/Illuminate/Routing/Router.php:797
#31 /vendor/laravel/framework/src/Illuminate/Pipeline/Pipeline.php:141
#32 /app/Http/Middleware/AllowVoucher.php:23
#33 /vendor/laravel/framework/src/Illuminate/Pipeline/Pipeline.php:180
#34 /app/Http/Middleware/AdminPermissionMiddleware.php:28
#35 /vendor/laravel/framework/src/Illuminate/Pipeline/Pipeline.php:180
#36 /app/Http/Middleware/RedirectIfNotAdmin.php:23
#37 /vendor/laravel/framework/src/Illuminate/Pipeline/Pipeline.php:180
#38 /app/Http/Middleware/LanguageMiddleware.php:21
#39 /vendor/laravel/framework/src/Illuminate/Pipeline/Pipeline.php:180
#40 /vendor/laravel/framework/src/Illuminate/Routing/Middleware/SubstituteBindings.php:50
#41 /vendor/laravel/framework/src/Illuminate/Pipeline/Pipeline.php:180
#42 /vendor/laravel/framework/src/Illuminate/Foundation/Http/Middleware/VerifyCsrfToken.php:78
#43 /vendor/laravel/framework/src/Illuminate/Pipeline/Pipeline.php:180
#44 /vendor/laravel/framework/src/Illuminate/View/Middleware/ShareErrorsFromSession.php:49
#45 /vendor/laravel/framework/src/Illuminate/Pipeline/Pipeline.php:180
#46 /vendor/laravel/framework/src/Illuminate/Session/Middleware/StartSession.php:121
#47 /vendor/laravel/framework/src/Illuminate/Session/Middleware/StartSession.php:64
#48 /vendor/laravel/framework/src/Illuminate/Pipeline/Pipeline.php:180
#49 /vendor/laravel/framework/src/Illuminate/Cookie/Middleware/AddQueuedCookiesToResponse.php:37
  
[2024-01-10 10:57:46] local.INFO: Detected N+1 Query  
[2024-01-10 10:57:46] local.INFO: Model: App\Models\Voucher
Relation: user
Num-Called: 8
Call-Stack:
#18 /storage/framework/views/422b7873d3f56302fede2fdde8497cdd02d96c90.php:55
#20 /vendor/laravel/framework/src/Illuminate/Filesystem/Filesystem.php:110
#21 /vendor/laravel/framework/src/Illuminate/View/Engines/PhpEngine.php:58
#22 /vendor/laravel/framework/src/Illuminate/View/Engines/CompilerEngine.php:70
#23 /vendor/laravel/framework/src/Illuminate/View/View.php:195
#24 /vendor/laravel/framework/src/Illuminate/View/View.php:178
#25 /vendor/laravel/framework/src/Illuminate/View/View.php:147
#26 /vendor/laravel/framework/src/Illuminate/Http/Response.php:69
#27 /vendor/laravel/framework/src/Illuminate/Http/Response.php:35
#28 /vendor/laravel/framework/src/Illuminate/Routing/Router.php:906
#29 /vendor/laravel/framework/src/Illuminate/Routing/Router.php:875
#30 /vendor/laravel/framework/src/Illuminate/Routing/Router.php:797
#31 /vendor/laravel/framework/src/Illuminate/Pipeline/Pipeline.php:141
#32 /app/Http/Middleware/AllowVoucher.php:23
#33 /vendor/laravel/framework/src/Illuminate/Pipeline/Pipeline.php:180
#34 /app/Http/Middleware/AdminPermissionMiddleware.php:28
#35 /vendor/laravel/framework/src/Illuminate/Pipeline/Pipeline.php:180
#36 /app/Http/Middleware/RedirectIfNotAdmin.php:23
#37 /vendor/laravel/framework/src/Illuminate/Pipeline/Pipeline.php:180
#38 /app/Http/Middleware/LanguageMiddleware.php:21
#39 /vendor/laravel/framework/src/Illuminate/Pipeline/Pipeline.php:180
#40 /vendor/laravel/framework/src/Illuminate/Routing/Middleware/SubstituteBindings.php:50
#41 /vendor/laravel/framework/src/Illuminate/Pipeline/Pipeline.php:180
#42 /vendor/laravel/framework/src/Illuminate/Foundation/Http/Middleware/VerifyCsrfToken.php:78
#43 /vendor/laravel/framework/src/Illuminate/Pipeline/Pipeline.php:180
#44 /vendor/laravel/framework/src/Illuminate/View/Middleware/ShareErrorsFromSession.php:49
#45 /vendor/laravel/framework/src/Illuminate/Pipeline/Pipeline.php:180
#46 /vendor/laravel/framework/src/Illuminate/Session/Middleware/StartSession.php:121
#47 /vendor/laravel/framework/src/Illuminate/Session/Middleware/StartSession.php:64
#48 /vendor/laravel/framework/src/Illuminate/Pipeline/Pipeline.php:180
#49 /vendor/laravel/framework/src/Illuminate/Cookie/Middleware/AddQueuedCookiesToResponse.php:37
  
[2024-01-10 10:58:18] local.INFO: Detected N+1 Query  
[2024-01-10 10:58:18] local.INFO: Model: App\Models\Voucher
Relation: user
Num-Called: 8
Call-Stack:
#18 /storage/framework/views/422b7873d3f56302fede2fdde8497cdd02d96c90.php:55
#20 /vendor/laravel/framework/src/Illuminate/Filesystem/Filesystem.php:110
#21 /vendor/laravel/framework/src/Illuminate/View/Engines/PhpEngine.php:58
#22 /vendor/laravel/framework/src/Illuminate/View/Engines/CompilerEngine.php:70
#23 /vendor/laravel/framework/src/Illuminate/View/View.php:195
#24 /vendor/laravel/framework/src/Illuminate/View/View.php:178
#25 /vendor/laravel/framework/src/Illuminate/View/View.php:147
#26 /vendor/laravel/framework/src/Illuminate/Http/Response.php:69
#27 /vendor/laravel/framework/src/Illuminate/Http/Response.php:35
#28 /vendor/laravel/framework/src/Illuminate/Routing/Router.php:906
#29 /vendor/laravel/framework/src/Illuminate/Routing/Router.php:875
#30 /vendor/laravel/framework/src/Illuminate/Routing/Router.php:797
#31 /vendor/laravel/framework/src/Illuminate/Pipeline/Pipeline.php:141
#32 /app/Http/Middleware/AllowVoucher.php:23
#33 /vendor/laravel/framework/src/Illuminate/Pipeline/Pipeline.php:180
#34 /app/Http/Middleware/AdminPermissionMiddleware.php:28
#35 /vendor/laravel/framework/src/Illuminate/Pipeline/Pipeline.php:180
#36 /app/Http/Middleware/RedirectIfNotAdmin.php:23
#37 /vendor/laravel/framework/src/Illuminate/Pipeline/Pipeline.php:180
#38 /app/Http/Middleware/LanguageMiddleware.php:21
#39 /vendor/laravel/framework/src/Illuminate/Pipeline/Pipeline.php:180
#40 /vendor/laravel/framework/src/Illuminate/Routing/Middleware/SubstituteBindings.php:50
#41 /vendor/laravel/framework/src/Illuminate/Pipeline/Pipeline.php:180
#42 /vendor/laravel/framework/src/Illuminate/Foundation/Http/Middleware/VerifyCsrfToken.php:78
#43 /vendor/laravel/framework/src/Illuminate/Pipeline/Pipeline.php:180
#44 /vendor/laravel/framework/src/Illuminate/View/Middleware/ShareErrorsFromSession.php:49
#45 /vendor/laravel/framework/src/Illuminate/Pipeline/Pipeline.php:180
#46 /vendor/laravel/framework/src/Illuminate/Session/Middleware/StartSession.php:121
#47 /vendor/laravel/framework/src/Illuminate/Session/Middleware/StartSession.php:64
#48 /vendor/laravel/framework/src/Illuminate/Pipeline/Pipeline.php:180
#49 /vendor/laravel/framework/src/Illuminate/Cookie/Middleware/AddQueuedCookiesToResponse.php:37
  
[2024-01-10 11:01:12] local.INFO: Detected N+1 Query  
[2024-01-10 11:01:12] local.INFO: Model: App\Models\Voucher
Relation: user
Num-Called: 8
Call-Stack:
#18 /storage/framework/views/422b7873d3f56302fede2fdde8497cdd02d96c90.php:55
#20 /vendor/laravel/framework/src/Illuminate/Filesystem/Filesystem.php:110
#21 /vendor/laravel/framework/src/Illuminate/View/Engines/PhpEngine.php:58
#22 /vendor/laravel/framework/src/Illuminate/View/Engines/CompilerEngine.php:70
#23 /vendor/laravel/framework/src/Illuminate/View/View.php:195
#24 /vendor/laravel/framework/src/Illuminate/View/View.php:178
#25 /vendor/laravel/framework/src/Illuminate/View/View.php:147
#26 /vendor/laravel/framework/src/Illuminate/Http/Response.php:69
#27 /vendor/laravel/framework/src/Illuminate/Http/Response.php:35
#28 /vendor/laravel/framework/src/Illuminate/Routing/Router.php:906
#29 /vendor/laravel/framework/src/Illuminate/Routing/Router.php:875
#30 /vendor/laravel/framework/src/Illuminate/Routing/Router.php:797
#31 /vendor/laravel/framework/src/Illuminate/Pipeline/Pipeline.php:141
#32 /app/Http/Middleware/AllowVoucher.php:23
#33 /vendor/laravel/framework/src/Illuminate/Pipeline/Pipeline.php:180
#34 /app/Http/Middleware/AdminPermissionMiddleware.php:28
#35 /vendor/laravel/framework/src/Illuminate/Pipeline/Pipeline.php:180
#36 /app/Http/Middleware/RedirectIfNotAdmin.php:23
#37 /vendor/laravel/framework/src/Illuminate/Pipeline/Pipeline.php:180
#38 /app/Http/Middleware/LanguageMiddleware.php:21
#39 /vendor/laravel/framework/src/Illuminate/Pipeline/Pipeline.php:180
#40 /vendor/laravel/framework/src/Illuminate/Routing/Middleware/SubstituteBindings.php:50
#41 /vendor/laravel/framework/src/Illuminate/Pipeline/Pipeline.php:180
#42 /vendor/laravel/framework/src/Illuminate/Foundation/Http/Middleware/VerifyCsrfToken.php:78
#43 /vendor/laravel/framework/src/Illuminate/Pipeline/Pipeline.php:180
#44 /vendor/laravel/framework/src/Illuminate/View/Middleware/ShareErrorsFromSession.php:49
#45 /vendor/laravel/framework/src/Illuminate/Pipeline/Pipeline.php:180
#46 /vendor/laravel/framework/src/Illuminate/Session/Middleware/StartSession.php:121
#47 /vendor/laravel/framework/src/Illuminate/Session/Middleware/StartSession.php:64
#48 /vendor/laravel/framework/src/Illuminate/Pipeline/Pipeline.php:180
#49 /vendor/laravel/framework/src/Illuminate/Cookie/Middleware/AddQueuedCookiesToResponse.php:37
  
[2024-01-10 11:56:24] local.INFO: Detected N+1 Query  
[2024-01-10 11:56:24] local.INFO: Model: App\Models\Order
Relation: user
Num-Called: 4
Call-Stack:
#18 /storage/framework/views/a8e5443b821865a129391e03fc0c13171c7cef0c.php:58
#20 /vendor/laravel/framework/src/Illuminate/Filesystem/Filesystem.php:110
#21 /vendor/laravel/framework/src/Illuminate/View/Engines/PhpEngine.php:58
#22 /vendor/laravel/framework/src/Illuminate/View/Engines/CompilerEngine.php:70
#23 /vendor/laravel/framework/src/Illuminate/View/View.php:195
#24 /vendor/laravel/framework/src/Illuminate/View/View.php:178
#25 /vendor/laravel/framework/src/Illuminate/View/View.php:147
#26 /vendor/laravel/framework/src/Illuminate/Http/Response.php:69
#27 /vendor/laravel/framework/src/Illuminate/Http/Response.php:35
#28 /vendor/laravel/framework/src/Illuminate/Routing/Router.php:906
#29 /vendor/laravel/framework/src/Illuminate/Routing/Router.php:875
#30 /vendor/laravel/framework/src/Illuminate/Routing/Router.php:797
#31 /vendor/laravel/framework/src/Illuminate/Pipeline/Pipeline.php:141
#32 /app/Http/Middleware/AdminPermissionMiddleware.php:28
#33 /vendor/laravel/framework/src/Illuminate/Pipeline/Pipeline.php:180
#34 /app/Http/Middleware/RedirectIfNotAdmin.php:23
#35 /vendor/laravel/framework/src/Illuminate/Pipeline/Pipeline.php:180
#36 /app/Http/Middleware/LanguageMiddleware.php:21
#37 /vendor/laravel/framework/src/Illuminate/Pipeline/Pipeline.php:180
#38 /vendor/laravel/framework/src/Illuminate/Routing/Middleware/SubstituteBindings.php:50
#39 /vendor/laravel/framework/src/Illuminate/Pipeline/Pipeline.php:180
#40 /vendor/laravel/framework/src/Illuminate/Foundation/Http/Middleware/VerifyCsrfToken.php:78
#41 /vendor/laravel/framework/src/Illuminate/Pipeline/Pipeline.php:180
#42 /vendor/laravel/framework/src/Illuminate/View/Middleware/ShareErrorsFromSession.php:49
#43 /vendor/laravel/framework/src/Illuminate/Pipeline/Pipeline.php:180
#44 /vendor/laravel/framework/src/Illuminate/Session/Middleware/StartSession.php:121
#45 /vendor/laravel/framework/src/Illuminate/Session/Middleware/StartSession.php:64
#46 /vendor/laravel/framework/src/Illuminate/Pipeline/Pipeline.php:180
#47 /vendor/laravel/framework/src/Illuminate/Cookie/Middleware/AddQueuedCookiesToResponse.php:37
#48 /vendor/laravel/framework/src/Illuminate/Pipeline/Pipeline.php:180
#49 /vendor/laravel/framework/src/Illuminate/Cookie/Middleware/EncryptCookies.php:67
  
[2024-01-10 12:01:00] local.INFO: Detected N+1 Query  
[2024-01-10 12:01:00] local.INFO: Model: App\Models\Order
Relation: user
Num-Called: 4
Call-Stack:
#18 /storage/framework/views/a8e5443b821865a129391e03fc0c13171c7cef0c.php:58
#20 /vendor/laravel/framework/src/Illuminate/Filesystem/Filesystem.php:110
#21 /vendor/laravel/framework/src/Illuminate/View/Engines/PhpEngine.php:58
#22 /vendor/laravel/framework/src/Illuminate/View/Engines/CompilerEngine.php:70
#23 /vendor/laravel/framework/src/Illuminate/View/View.php:195
#24 /vendor/laravel/framework/src/Illuminate/View/View.php:178
#25 /vendor/laravel/framework/src/Illuminate/View/View.php:147
#26 /vendor/laravel/framework/src/Illuminate/Http/Response.php:69
#27 /vendor/laravel/framework/src/Illuminate/Http/Response.php:35
#28 /vendor/laravel/framework/src/Illuminate/Routing/Router.php:906
#29 /vendor/laravel/framework/src/Illuminate/Routing/Router.php:875
#30 /vendor/laravel/framework/src/Illuminate/Routing/Router.php:797
#31 /vendor/laravel/framework/src/Illuminate/Pipeline/Pipeline.php:141
#32 /app/Http/Middleware/AdminPermissionMiddleware.php:28
#33 /vendor/laravel/framework/src/Illuminate/Pipeline/Pipeline.php:180
#34 /app/Http/Middleware/RedirectIfNotAdmin.php:23
#35 /vendor/laravel/framework/src/Illuminate/Pipeline/Pipeline.php:180
#36 /app/Http/Middleware/LanguageMiddleware.php:21
#37 /vendor/laravel/framework/src/Illuminate/Pipeline/Pipeline.php:180
#38 /vendor/laravel/framework/src/Illuminate/Routing/Middleware/SubstituteBindings.php:50
#39 /vendor/laravel/framework/src/Illuminate/Pipeline/Pipeline.php:180
#40 /vendor/laravel/framework/src/Illuminate/Foundation/Http/Middleware/VerifyCsrfToken.php:78
#41 /vendor/laravel/framework/src/Illuminate/Pipeline/Pipeline.php:180
#42 /vendor/laravel/framework/src/Illuminate/View/Middleware/ShareErrorsFromSession.php:49
#43 /vendor/laravel/framework/src/Illuminate/Pipeline/Pipeline.php:180
#44 /vendor/laravel/framework/src/Illuminate/Session/Middleware/StartSession.php:121
#45 /vendor/laravel/framework/src/Illuminate/Session/Middleware/StartSession.php:64
#46 /vendor/laravel/framework/src/Illuminate/Pipeline/Pipeline.php:180
#47 /vendor/laravel/framework/src/Illuminate/Cookie/Middleware/AddQueuedCookiesToResponse.php:37
#48 /vendor/laravel/framework/src/Illuminate/Pipeline/Pipeline.php:180
#49 /vendor/laravel/framework/src/Illuminate/Cookie/Middleware/EncryptCookies.php:67
  
[2024-01-10 12:01:12] local.INFO: Detected N+1 Query  
[2024-01-10 12:01:12] local.INFO: Model: App\Models\Order
Relation: user
Num-Called: 4
Call-Stack:
#18 /storage/framework/views/a8e5443b821865a129391e03fc0c13171c7cef0c.php:58
#20 /vendor/laravel/framework/src/Illuminate/Filesystem/Filesystem.php:110
#21 /vendor/laravel/framework/src/Illuminate/View/Engines/PhpEngine.php:58
#22 /vendor/laravel/framework/src/Illuminate/View/Engines/CompilerEngine.php:70
#23 /vendor/laravel/framework/src/Illuminate/View/View.php:195
#24 /vendor/laravel/framework/src/Illuminate/View/View.php:178
#25 /vendor/laravel/framework/src/Illuminate/View/View.php:147
#26 /vendor/laravel/framework/src/Illuminate/Http/Response.php:69
#27 /vendor/laravel/framework/src/Illuminate/Http/Response.php:35
#28 /vendor/laravel/framework/src/Illuminate/Routing/Router.php:906
#29 /vendor/laravel/framework/src/Illuminate/Routing/Router.php:875
#30 /vendor/laravel/framework/src/Illuminate/Routing/Router.php:797
#31 /vendor/laravel/framework/src/Illuminate/Pipeline/Pipeline.php:141
#32 /app/Http/Middleware/AdminPermissionMiddleware.php:28
#33 /vendor/laravel/framework/src/Illuminate/Pipeline/Pipeline.php:180
#34 /app/Http/Middleware/RedirectIfNotAdmin.php:23
#35 /vendor/laravel/framework/src/Illuminate/Pipeline/Pipeline.php:180
#36 /app/Http/Middleware/LanguageMiddleware.php:21
#37 /vendor/laravel/framework/src/Illuminate/Pipeline/Pipeline.php:180
#38 /vendor/laravel/framework/src/Illuminate/Routing/Middleware/SubstituteBindings.php:50
#39 /vendor/laravel/framework/src/Illuminate/Pipeline/Pipeline.php:180
#40 /vendor/laravel/framework/src/Illuminate/Foundation/Http/Middleware/VerifyCsrfToken.php:78
#41 /vendor/laravel/framework/src/Illuminate/Pipeline/Pipeline.php:180
#42 /vendor/laravel/framework/src/Illuminate/View/Middleware/ShareErrorsFromSession.php:49
#43 /vendor/laravel/framework/src/Illuminate/Pipeline/Pipeline.php:180
#44 /vendor/laravel/framework/src/Illuminate/Session/Middleware/StartSession.php:121
#45 /vendor/laravel/framework/src/Illuminate/Session/Middleware/StartSession.php:64
#46 /vendor/laravel/framework/src/Illuminate/Pipeline/Pipeline.php:180
#47 /vendor/laravel/framework/src/Illuminate/Cookie/Middleware/AddQueuedCookiesToResponse.php:37
#48 /vendor/laravel/framework/src/Illuminate/Pipeline/Pipeline.php:180
#49 /vendor/laravel/framework/src/Illuminate/Cookie/Middleware/EncryptCookies.php:67
  
[2024-01-10 12:09:40] local.INFO: Detected N+1 Query  
[2024-01-10 12:09:40] local.INFO: Model: App\Models\Order
Relation: user
Num-Called: 4
Call-Stack:
#18 /storage/framework/views/a8e5443b821865a129391e03fc0c13171c7cef0c.php:58
#20 /vendor/laravel/framework/src/Illuminate/Filesystem/Filesystem.php:110
#21 /vendor/laravel/framework/src/Illuminate/View/Engines/PhpEngine.php:58
#22 /vendor/laravel/framework/src/Illuminate/View/Engines/CompilerEngine.php:70
#23 /vendor/laravel/framework/src/Illuminate/View/View.php:195
#24 /vendor/laravel/framework/src/Illuminate/View/View.php:178
#25 /vendor/laravel/framework/src/Illuminate/View/View.php:147
#26 /vendor/laravel/framework/src/Illuminate/Http/Response.php:69
#27 /vendor/laravel/framework/src/Illuminate/Http/Response.php:35
#28 /vendor/laravel/framework/src/Illuminate/Routing/Router.php:906
#29 /vendor/laravel/framework/src/Illuminate/Routing/Router.php:875
#30 /vendor/laravel/framework/src/Illuminate/Routing/Router.php:797
#31 /vendor/laravel/framework/src/Illuminate/Pipeline/Pipeline.php:141
#32 /app/Http/Middleware/AdminPermissionMiddleware.php:28
#33 /vendor/laravel/framework/src/Illuminate/Pipeline/Pipeline.php:180
#34 /app/Http/Middleware/RedirectIfNotAdmin.php:23
#35 /vendor/laravel/framework/src/Illuminate/Pipeline/Pipeline.php:180
#36 /app/Http/Middleware/LanguageMiddleware.php:21
#37 /vendor/laravel/framework/src/Illuminate/Pipeline/Pipeline.php:180
#38 /vendor/laravel/framework/src/Illuminate/Routing/Middleware/SubstituteBindings.php:50
#39 /vendor/laravel/framework/src/Illuminate/Pipeline/Pipeline.php:180
#40 /vendor/laravel/framework/src/Illuminate/Foundation/Http/Middleware/VerifyCsrfToken.php:78
#41 /vendor/laravel/framework/src/Illuminate/Pipeline/Pipeline.php:180
#42 /vendor/laravel/framework/src/Illuminate/View/Middleware/ShareErrorsFromSession.php:49
#43 /vendor/laravel/framework/src/Illuminate/Pipeline/Pipeline.php:180
#44 /vendor/laravel/framework/src/Illuminate/Session/Middleware/StartSession.php:121
#45 /vendor/laravel/framework/src/Illuminate/Session/Middleware/StartSession.php:64
#46 /vendor/laravel/framework/src/Illuminate/Pipeline/Pipeline.php:180
#47 /vendor/laravel/framework/src/Illuminate/Cookie/Middleware/AddQueuedCookiesToResponse.php:37
#48 /vendor/laravel/framework/src/Illuminate/Pipeline/Pipeline.php:180
#49 /vendor/laravel/framework/src/Illuminate/Cookie/Middleware/EncryptCookies.php:67
  
[2024-01-10 12:20:56] local.INFO: Detected N+1 Query  
[2024-01-10 12:20:56] local.INFO: Model: App\Models\Order
Relation: user
Num-Called: 4
Call-Stack:
#18 /storage/framework/views/a8e5443b821865a129391e03fc0c13171c7cef0c.php:58
#20 /vendor/laravel/framework/src/Illuminate/Filesystem/Filesystem.php:110
#21 /vendor/laravel/framework/src/Illuminate/View/Engines/PhpEngine.php:58
#22 /vendor/laravel/framework/src/Illuminate/View/Engines/CompilerEngine.php:70
#23 /vendor/laravel/framework/src/Illuminate/View/View.php:195
#24 /vendor/laravel/framework/src/Illuminate/View/View.php:178
#25 /vendor/laravel/framework/src/Illuminate/View/View.php:147
#26 /vendor/laravel/framework/src/Illuminate/Http/Response.php:69
#27 /vendor/laravel/framework/src/Illuminate/Http/Response.php:35
#28 /vendor/laravel/framework/src/Illuminate/Routing/Router.php:906
#29 /vendor/laravel/framework/src/Illuminate/Routing/Router.php:875
#30 /vendor/laravel/framework/src/Illuminate/Routing/Router.php:797
#31 /vendor/laravel/framework/src/Illuminate/Pipeline/Pipeline.php:141
#32 /app/Http/Middleware/AdminPermissionMiddleware.php:28
#33 /vendor/laravel/framework/src/Illuminate/Pipeline/Pipeline.php:180
#34 /app/Http/Middleware/RedirectIfNotAdmin.php:23
#35 /vendor/laravel/framework/src/Illuminate/Pipeline/Pipeline.php:180
#36 /app/Http/Middleware/LanguageMiddleware.php:21
#37 /vendor/laravel/framework/src/Illuminate/Pipeline/Pipeline.php:180
#38 /vendor/laravel/framework/src/Illuminate/Routing/Middleware/SubstituteBindings.php:50
#39 /vendor/laravel/framework/src/Illuminate/Pipeline/Pipeline.php:180
#40 /vendor/laravel/framework/src/Illuminate/Foundation/Http/Middleware/VerifyCsrfToken.php:78
#41 /vendor/laravel/framework/src/Illuminate/Pipeline/Pipeline.php:180
#42 /vendor/laravel/framework/src/Illuminate/View/Middleware/ShareErrorsFromSession.php:49
#43 /vendor/laravel/framework/src/Illuminate/Pipeline/Pipeline.php:180
#44 /vendor/laravel/framework/src/Illuminate/Session/Middleware/StartSession.php:121
#45 /vendor/laravel/framework/src/Illuminate/Session/Middleware/StartSession.php:64
#46 /vendor/laravel/framework/src/Illuminate/Pipeline/Pipeline.php:180
#47 /vendor/laravel/framework/src/Illuminate/Cookie/Middleware/AddQueuedCookiesToResponse.php:37
#48 /vendor/laravel/framework/src/Illuminate/Pipeline/Pipeline.php:180
#49 /vendor/laravel/framework/src/Illuminate/Cookie/Middleware/EncryptCookies.php:67
  
[2024-01-10 12:26:41] local.INFO: Detected N+1 Query  
[2024-01-10 12:26:41] local.INFO: Model: App\Models\Escrow
Relation: App\Models\User
Num-Called: 2
Call-Stack:
#18 /app/Http/Controllers/Admin/EscrowController.php:60
#19 /app/Http/Controllers/Admin/EscrowController.php:18
#20 /vendor/laravel/framework/src/Illuminate/Routing/Controller.php:54
#21 /vendor/laravel/framework/src/Illuminate/Routing/ControllerDispatcher.php:43
#22 /vendor/laravel/framework/src/Illuminate/Routing/Route.php:259
#23 /vendor/laravel/framework/src/Illuminate/Routing/Route.php:205
#24 /vendor/laravel/framework/src/Illuminate/Routing/Router.php:798
#25 /vendor/laravel/framework/src/Illuminate/Pipeline/Pipeline.php:141
#26 /app/Http/Middleware/AdminPermissionMiddleware.php:28
#27 /vendor/laravel/framework/src/Illuminate/Pipeline/Pipeline.php:180
#28 /app/Http/Middleware/RedirectIfNotAdmin.php:23
#29 /vendor/laravel/framework/src/Illuminate/Pipeline/Pipeline.php:180
#30 /app/Http/Middleware/LanguageMiddleware.php:21
#31 /vendor/laravel/framework/src/Illuminate/Pipeline/Pipeline.php:180
#32 /vendor/laravel/framework/src/Illuminate/Routing/Middleware/SubstituteBindings.php:50
#33 /vendor/laravel/framework/src/Illuminate/Pipeline/Pipeline.php:180
#34 /vendor/laravel/framework/src/Illuminate/Foundation/Http/Middleware/VerifyCsrfToken.php:78
#35 /vendor/laravel/framework/src/Illuminate/Pipeline/Pipeline.php:180
#36 /vendor/laravel/framework/src/Illuminate/View/Middleware/ShareErrorsFromSession.php:49
#37 /vendor/laravel/framework/src/Illuminate/Pipeline/Pipeline.php:180
#38 /vendor/laravel/framework/src/Illuminate/Session/Middleware/StartSession.php:121
#39 /vendor/laravel/framework/src/Illuminate/Session/Middleware/StartSession.php:64
#40 /vendor/laravel/framework/src/Illuminate/Pipeline/Pipeline.php:180
#41 /vendor/laravel/framework/src/Illuminate/Cookie/Middleware/AddQueuedCookiesToResponse.php:37
#42 /vendor/laravel/framework/src/Illuminate/Pipeline/Pipeline.php:180
#43 /vendor/laravel/framework/src/Illuminate/Cookie/Middleware/EncryptCookies.php:67
#44 /vendor/laravel/framework/src/Illuminate/Pipeline/Pipeline.php:180
#45 /vendor/laramin/utility/src/Utility.php:14
#46 /vendor/laravel/framework/src/Illuminate/Pipeline/Pipeline.php:180
#47 /vendor/laravel/framework/src/Illuminate/Pipeline/Pipeline.php:116
#48 /vendor/laravel/framework/src/Illuminate/Routing/Router.php:797
#49 /vendor/laravel/framework/src/Illuminate/Routing/Router.php:776
  
[2024-01-10 12:27:09] local.INFO: Detected N+1 Query  
[2024-01-10 12:27:09] local.INFO: Model: App\Models\Escrow
Relation: App\Models\User
Num-Called: 2
Call-Stack:
#18 /app/Http/Controllers/Admin/EscrowController.php:60
#19 /app/Http/Controllers/Admin/EscrowController.php:18
#20 /vendor/laravel/framework/src/Illuminate/Routing/Controller.php:54
#21 /vendor/laravel/framework/src/Illuminate/Routing/ControllerDispatcher.php:43
#22 /vendor/laravel/framework/src/Illuminate/Routing/Route.php:259
#23 /vendor/laravel/framework/src/Illuminate/Routing/Route.php:205
#24 /vendor/laravel/framework/src/Illuminate/Routing/Router.php:798
#25 /vendor/laravel/framework/src/Illuminate/Pipeline/Pipeline.php:141
#26 /app/Http/Middleware/AdminPermissionMiddleware.php:28
#27 /vendor/laravel/framework/src/Illuminate/Pipeline/Pipeline.php:180
#28 /app/Http/Middleware/RedirectIfNotAdmin.php:23
#29 /vendor/laravel/framework/src/Illuminate/Pipeline/Pipeline.php:180
#30 /app/Http/Middleware/LanguageMiddleware.php:21
#31 /vendor/laravel/framework/src/Illuminate/Pipeline/Pipeline.php:180
#32 /vendor/laravel/framework/src/Illuminate/Routing/Middleware/SubstituteBindings.php:50
#33 /vendor/laravel/framework/src/Illuminate/Pipeline/Pipeline.php:180
#34 /vendor/laravel/framework/src/Illuminate/Foundation/Http/Middleware/VerifyCsrfToken.php:78
#35 /vendor/laravel/framework/src/Illuminate/Pipeline/Pipeline.php:180
#36 /vendor/laravel/framework/src/Illuminate/View/Middleware/ShareErrorsFromSession.php:49
#37 /vendor/laravel/framework/src/Illuminate/Pipeline/Pipeline.php:180
#38 /vendor/laravel/framework/src/Illuminate/Session/Middleware/StartSession.php:121
#39 /vendor/laravel/framework/src/Illuminate/Session/Middleware/StartSession.php:64
#40 /vendor/laravel/framework/src/Illuminate/Pipeline/Pipeline.php:180
#41 /vendor/laravel/framework/src/Illuminate/Cookie/Middleware/AddQueuedCookiesToResponse.php:37
#42 /vendor/laravel/framework/src/Illuminate/Pipeline/Pipeline.php:180
#43 /vendor/laravel/framework/src/Illuminate/Cookie/Middleware/EncryptCookies.php:67
#44 /vendor/laravel/framework/src/Illuminate/Pipeline/Pipeline.php:180
#45 /vendor/laramin/utility/src/Utility.php:14
#46 /vendor/laravel/framework/src/Illuminate/Pipeline/Pipeline.php:180
#47 /vendor/laravel/framework/src/Illuminate/Pipeline/Pipeline.php:116
#48 /vendor/laravel/framework/src/Illuminate/Routing/Router.php:797
#49 /vendor/laravel/framework/src/Illuminate/Routing/Router.php:776
  
[2024-01-10 12:27:18] local.INFO: Detected N+1 Query  
[2024-01-10 12:27:18] local.INFO: Model: App\Models\Escrow
Relation: App\Models\User
Num-Called: 2
Call-Stack:
#18 /app/Http/Controllers/Admin/EscrowController.php:60
#19 /app/Http/Controllers/Admin/EscrowController.php:18
#20 /vendor/laravel/framework/src/Illuminate/Routing/Controller.php:54
#21 /vendor/laravel/framework/src/Illuminate/Routing/ControllerDispatcher.php:43
#22 /vendor/laravel/framework/src/Illuminate/Routing/Route.php:259
#23 /vendor/laravel/framework/src/Illuminate/Routing/Route.php:205
#24 /vendor/laravel/framework/src/Illuminate/Routing/Router.php:798
#25 /vendor/laravel/framework/src/Illuminate/Pipeline/Pipeline.php:141
#26 /app/Http/Middleware/AdminPermissionMiddleware.php:28
#27 /vendor/laravel/framework/src/Illuminate/Pipeline/Pipeline.php:180
#28 /app/Http/Middleware/RedirectIfNotAdmin.php:23
#29 /vendor/laravel/framework/src/Illuminate/Pipeline/Pipeline.php:180
#30 /app/Http/Middleware/LanguageMiddleware.php:21
#31 /vendor/laravel/framework/src/Illuminate/Pipeline/Pipeline.php:180
#32 /vendor/laravel/framework/src/Illuminate/Routing/Middleware/SubstituteBindings.php:50
#33 /vendor/laravel/framework/src/Illuminate/Pipeline/Pipeline.php:180
#34 /vendor/laravel/framework/src/Illuminate/Foundation/Http/Middleware/VerifyCsrfToken.php:78
#35 /vendor/laravel/framework/src/Illuminate/Pipeline/Pipeline.php:180
#36 /vendor/laravel/framework/src/Illuminate/View/Middleware/ShareErrorsFromSession.php:49
#37 /vendor/laravel/framework/src/Illuminate/Pipeline/Pipeline.php:180
#38 /vendor/laravel/framework/src/Illuminate/Session/Middleware/StartSession.php:121
#39 /vendor/laravel/framework/src/Illuminate/Session/Middleware/StartSession.php:64
#40 /vendor/laravel/framework/src/Illuminate/Pipeline/Pipeline.php:180
#41 /vendor/laravel/framework/src/Illuminate/Cookie/Middleware/AddQueuedCookiesToResponse.php:37
#42 /vendor/laravel/framework/src/Illuminate/Pipeline/Pipeline.php:180
#43 /vendor/laravel/framework/src/Illuminate/Cookie/Middleware/EncryptCookies.php:67
#44 /vendor/laravel/framework/src/Illuminate/Pipeline/Pipeline.php:180
#45 /vendor/laramin/utility/src/Utility.php:14
#46 /vendor/laravel/framework/src/Illuminate/Pipeline/Pipeline.php:180
#47 /vendor/laravel/framework/src/Illuminate/Pipeline/Pipeline.php:116
#48 /vendor/laravel/framework/src/Illuminate/Routing/Router.php:797
#49 /vendor/laravel/framework/src/Illuminate/Routing/Router.php:776
  
[2024-01-10 12:27:31] local.INFO: Detected N+1 Query  
[2024-01-10 12:27:31] local.INFO: Model: App\Models\Escrow
Relation: App\Models\User
Num-Called: 2
Call-Stack:
#18 /app/Http/Controllers/Admin/EscrowController.php:60
#19 /app/Http/Controllers/Admin/EscrowController.php:18
#20 /vendor/laravel/framework/src/Illuminate/Routing/Controller.php:54
#21 /vendor/laravel/framework/src/Illuminate/Routing/ControllerDispatcher.php:43
#22 /vendor/laravel/framework/src/Illuminate/Routing/Route.php:259
#23 /vendor/laravel/framework/src/Illuminate/Routing/Route.php:205
#24 /vendor/laravel/framework/src/Illuminate/Routing/Router.php:798
#25 /vendor/laravel/framework/src/Illuminate/Pipeline/Pipeline.php:141
#26 /app/Http/Middleware/AdminPermissionMiddleware.php:28
#27 /vendor/laravel/framework/src/Illuminate/Pipeline/Pipeline.php:180
#28 /app/Http/Middleware/RedirectIfNotAdmin.php:23
#29 /vendor/laravel/framework/src/Illuminate/Pipeline/Pipeline.php:180
#30 /app/Http/Middleware/LanguageMiddleware.php:21
#31 /vendor/laravel/framework/src/Illuminate/Pipeline/Pipeline.php:180
#32 /vendor/laravel/framework/src/Illuminate/Routing/Middleware/SubstituteBindings.php:50
#33 /vendor/laravel/framework/src/Illuminate/Pipeline/Pipeline.php:180
#34 /vendor/laravel/framework/src/Illuminate/Foundation/Http/Middleware/VerifyCsrfToken.php:78
#35 /vendor/laravel/framework/src/Illuminate/Pipeline/Pipeline.php:180
#36 /vendor/laravel/framework/src/Illuminate/View/Middleware/ShareErrorsFromSession.php:49
#37 /vendor/laravel/framework/src/Illuminate/Pipeline/Pipeline.php:180
#38 /vendor/laravel/framework/src/Illuminate/Session/Middleware/StartSession.php:121
#39 /vendor/laravel/framework/src/Illuminate/Session/Middleware/StartSession.php:64
#40 /vendor/laravel/framework/src/Illuminate/Pipeline/Pipeline.php:180
#41 /vendor/laravel/framework/src/Illuminate/Cookie/Middleware/AddQueuedCookiesToResponse.php:37
#42 /vendor/laravel/framework/src/Illuminate/Pipeline/Pipeline.php:180
#43 /vendor/laravel/framework/src/Illuminate/Cookie/Middleware/EncryptCookies.php:67
#44 /vendor/laravel/framework/src/Illuminate/Pipeline/Pipeline.php:180
#45 /vendor/laramin/utility/src/Utility.php:14
#46 /vendor/laravel/framework/src/Illuminate/Pipeline/Pipeline.php:180
#47 /vendor/laravel/framework/src/Illuminate/Pipeline/Pipeline.php:116
#48 /vendor/laravel/framework/src/Illuminate/Routing/Router.php:797
#49 /vendor/laravel/framework/src/Illuminate/Routing/Router.php:776
  
[2024-01-10 12:27:43] local.INFO: Detected N+1 Query  
[2024-01-10 12:27:43] local.INFO: Model: App\Models\Escrow
Relation: App\Models\User
Num-Called: 2
Call-Stack:
#18 /app/Http/Controllers/Admin/EscrowController.php:60
#19 /app/Http/Controllers/Admin/EscrowController.php:18
#20 /vendor/laravel/framework/src/Illuminate/Routing/Controller.php:54
#21 /vendor/laravel/framework/src/Illuminate/Routing/ControllerDispatcher.php:43
#22 /vendor/laravel/framework/src/Illuminate/Routing/Route.php:259
#23 /vendor/laravel/framework/src/Illuminate/Routing/Route.php:205
#24 /vendor/laravel/framework/src/Illuminate/Routing/Router.php:798
#25 /vendor/laravel/framework/src/Illuminate/Pipeline/Pipeline.php:141
#26 /app/Http/Middleware/AdminPermissionMiddleware.php:28
#27 /vendor/laravel/framework/src/Illuminate/Pipeline/Pipeline.php:180
#28 /app/Http/Middleware/RedirectIfNotAdmin.php:23
#29 /vendor/laravel/framework/src/Illuminate/Pipeline/Pipeline.php:180
#30 /app/Http/Middleware/LanguageMiddleware.php:21
#31 /vendor/laravel/framework/src/Illuminate/Pipeline/Pipeline.php:180
#32 /vendor/laravel/framework/src/Illuminate/Routing/Middleware/SubstituteBindings.php:50
#33 /vendor/laravel/framework/src/Illuminate/Pipeline/Pipeline.php:180
#34 /vendor/laravel/framework/src/Illuminate/Foundation/Http/Middleware/VerifyCsrfToken.php:78
#35 /vendor/laravel/framework/src/Illuminate/Pipeline/Pipeline.php:180
#36 /vendor/laravel/framework/src/Illuminate/View/Middleware/ShareErrorsFromSession.php:49
#37 /vendor/laravel/framework/src/Illuminate/Pipeline/Pipeline.php:180
#38 /vendor/laravel/framework/src/Illuminate/Session/Middleware/StartSession.php:121
#39 /vendor/laravel/framework/src/Illuminate/Session/Middleware/StartSession.php:64
#40 /vendor/laravel/framework/src/Illuminate/Pipeline/Pipeline.php:180
#41 /vendor/laravel/framework/src/Illuminate/Cookie/Middleware/AddQueuedCookiesToResponse.php:37
#42 /vendor/laravel/framework/src/Illuminate/Pipeline/Pipeline.php:180
#43 /vendor/laravel/framework/src/Illuminate/Cookie/Middleware/EncryptCookies.php:67
#44 /vendor/laravel/framework/src/Illuminate/Pipeline/Pipeline.php:180
#45 /vendor/laramin/utility/src/Utility.php:14
#46 /vendor/laravel/framework/src/Illuminate/Pipeline/Pipeline.php:180
#47 /vendor/laravel/framework/src/Illuminate/Pipeline/Pipeline.php:116
#48 /vendor/laravel/framework/src/Illuminate/Routing/Router.php:797
#49 /vendor/laravel/framework/src/Illuminate/Routing/Router.php:776
  
[2024-01-10 12:28:32] local.INFO: Detected N+1 Query  
[2024-01-10 12:28:32] local.INFO: Model: App\Models\Escrow
Relation: App\Models\User
Num-Called: 2
Call-Stack:
#18 /app/Http/Controllers/Admin/EscrowController.php:60
#19 /app/Http/Controllers/Admin/EscrowController.php:18
#20 /vendor/laravel/framework/src/Illuminate/Routing/Controller.php:54
#21 /vendor/laravel/framework/src/Illuminate/Routing/ControllerDispatcher.php:43
#22 /vendor/laravel/framework/src/Illuminate/Routing/Route.php:259
#23 /vendor/laravel/framework/src/Illuminate/Routing/Route.php:205
#24 /vendor/laravel/framework/src/Illuminate/Routing/Router.php:798
#25 /vendor/laravel/framework/src/Illuminate/Pipeline/Pipeline.php:141
#26 /app/Http/Middleware/AdminPermissionMiddleware.php:28
#27 /vendor/laravel/framework/src/Illuminate/Pipeline/Pipeline.php:180
#28 /app/Http/Middleware/RedirectIfNotAdmin.php:23
#29 /vendor/laravel/framework/src/Illuminate/Pipeline/Pipeline.php:180
#30 /app/Http/Middleware/LanguageMiddleware.php:21
#31 /vendor/laravel/framework/src/Illuminate/Pipeline/Pipeline.php:180
#32 /vendor/laravel/framework/src/Illuminate/Routing/Middleware/SubstituteBindings.php:50
#33 /vendor/laravel/framework/src/Illuminate/Pipeline/Pipeline.php:180
#34 /vendor/laravel/framework/src/Illuminate/Foundation/Http/Middleware/VerifyCsrfToken.php:78
#35 /vendor/laravel/framework/src/Illuminate/Pipeline/Pipeline.php:180
#36 /vendor/laravel/framework/src/Illuminate/View/Middleware/ShareErrorsFromSession.php:49
#37 /vendor/laravel/framework/src/Illuminate/Pipeline/Pipeline.php:180
#38 /vendor/laravel/framework/src/Illuminate/Session/Middleware/StartSession.php:121
#39 /vendor/laravel/framework/src/Illuminate/Session/Middleware/StartSession.php:64
#40 /vendor/laravel/framework/src/Illuminate/Pipeline/Pipeline.php:180
#41 /vendor/laravel/framework/src/Illuminate/Cookie/Middleware/AddQueuedCookiesToResponse.php:37
#42 /vendor/laravel/framework/src/Illuminate/Pipeline/Pipeline.php:180
#43 /vendor/laravel/framework/src/Illuminate/Cookie/Middleware/EncryptCookies.php:67
#44 /vendor/laravel/framework/src/Illuminate/Pipeline/Pipeline.php:180
#45 /vendor/laramin/utility/src/Utility.php:14
#46 /vendor/laravel/framework/src/Illuminate/Pipeline/Pipeline.php:180
#47 /vendor/laravel/framework/src/Illuminate/Pipeline/Pipeline.php:116
#48 /vendor/laravel/framework/src/Illuminate/Routing/Router.php:797
#49 /vendor/laravel/framework/src/Illuminate/Routing/Router.php:776
  
[2024-01-10 12:29:51] local.INFO: Detected N+1 Query  
[2024-01-10 12:29:51] local.INFO: Model: App\Models\Escrow
Relation: App\Models\User
Num-Called: 2
Call-Stack:
#18 /app/Http/Controllers/Admin/EscrowController.php:60
#19 /app/Http/Controllers/Admin/EscrowController.php:18
#20 /vendor/laravel/framework/src/Illuminate/Routing/Controller.php:54
#21 /vendor/laravel/framework/src/Illuminate/Routing/ControllerDispatcher.php:43
#22 /vendor/laravel/framework/src/Illuminate/Routing/Route.php:259
#23 /vendor/laravel/framework/src/Illuminate/Routing/Route.php:205
#24 /vendor/laravel/framework/src/Illuminate/Routing/Router.php:798
#25 /vendor/laravel/framework/src/Illuminate/Pipeline/Pipeline.php:141
#26 /app/Http/Middleware/AdminPermissionMiddleware.php:28
#27 /vendor/laravel/framework/src/Illuminate/Pipeline/Pipeline.php:180
#28 /app/Http/Middleware/RedirectIfNotAdmin.php:23
#29 /vendor/laravel/framework/src/Illuminate/Pipeline/Pipeline.php:180
#30 /app/Http/Middleware/LanguageMiddleware.php:21
#31 /vendor/laravel/framework/src/Illuminate/Pipeline/Pipeline.php:180
#32 /vendor/laravel/framework/src/Illuminate/Routing/Middleware/SubstituteBindings.php:50
#33 /vendor/laravel/framework/src/Illuminate/Pipeline/Pipeline.php:180
#34 /vendor/laravel/framework/src/Illuminate/Foundation/Http/Middleware/VerifyCsrfToken.php:78
#35 /vendor/laravel/framework/src/Illuminate/Pipeline/Pipeline.php:180
#36 /vendor/laravel/framework/src/Illuminate/View/Middleware/ShareErrorsFromSession.php:49
#37 /vendor/laravel/framework/src/Illuminate/Pipeline/Pipeline.php:180
#38 /vendor/laravel/framework/src/Illuminate/Session/Middleware/StartSession.php:121
#39 /vendor/laravel/framework/src/Illuminate/Session/Middleware/StartSession.php:64
#40 /vendor/laravel/framework/src/Illuminate/Pipeline/Pipeline.php:180
#41 /vendor/laravel/framework/src/Illuminate/Cookie/Middleware/AddQueuedCookiesToResponse.php:37
#42 /vendor/laravel/framework/src/Illuminate/Pipeline/Pipeline.php:180
#43 /vendor/laravel/framework/src/Illuminate/Cookie/Middleware/EncryptCookies.php:67
#44 /vendor/laravel/framework/src/Illuminate/Pipeline/Pipeline.php:180
#45 /vendor/laramin/utility/src/Utility.php:14
#46 /vendor/laravel/framework/src/Illuminate/Pipeline/Pipeline.php:180
#47 /vendor/laravel/framework/src/Illuminate/Pipeline/Pipeline.php:116
#48 /vendor/laravel/framework/src/Illuminate/Routing/Router.php:797
#49 /vendor/laravel/framework/src/Illuminate/Routing/Router.php:776
  
[2024-01-10 12:31:18] local.INFO: Detected N+1 Query  
[2024-01-10 12:31:18] local.INFO: Model: App\Models\Escrow
Relation: App\Models\User
Num-Called: 2
Call-Stack:
#18 /app/Http/Controllers/Admin/EscrowController.php:60
#19 /app/Http/Controllers/Admin/EscrowController.php:18
#20 /vendor/laravel/framework/src/Illuminate/Routing/Controller.php:54
#21 /vendor/laravel/framework/src/Illuminate/Routing/ControllerDispatcher.php:43
#22 /vendor/laravel/framework/src/Illuminate/Routing/Route.php:259
#23 /vendor/laravel/framework/src/Illuminate/Routing/Route.php:205
#24 /vendor/laravel/framework/src/Illuminate/Routing/Router.php:798
#25 /vendor/laravel/framework/src/Illuminate/Pipeline/Pipeline.php:141
#26 /app/Http/Middleware/AdminPermissionMiddleware.php:28
#27 /vendor/laravel/framework/src/Illuminate/Pipeline/Pipeline.php:180
#28 /app/Http/Middleware/RedirectIfNotAdmin.php:23
#29 /vendor/laravel/framework/src/Illuminate/Pipeline/Pipeline.php:180
#30 /app/Http/Middleware/LanguageMiddleware.php:21
#31 /vendor/laravel/framework/src/Illuminate/Pipeline/Pipeline.php:180
#32 /vendor/laravel/framework/src/Illuminate/Routing/Middleware/SubstituteBindings.php:50
#33 /vendor/laravel/framework/src/Illuminate/Pipeline/Pipeline.php:180
#34 /vendor/laravel/framework/src/Illuminate/Foundation/Http/Middleware/VerifyCsrfToken.php:78
#35 /vendor/laravel/framework/src/Illuminate/Pipeline/Pipeline.php:180
#36 /vendor/laravel/framework/src/Illuminate/View/Middleware/ShareErrorsFromSession.php:49
#37 /vendor/laravel/framework/src/Illuminate/Pipeline/Pipeline.php:180
#38 /vendor/laravel/framework/src/Illuminate/Session/Middleware/StartSession.php:121
#39 /vendor/laravel/framework/src/Illuminate/Session/Middleware/StartSession.php:64
#40 /vendor/laravel/framework/src/Illuminate/Pipeline/Pipeline.php:180
#41 /vendor/laravel/framework/src/Illuminate/Cookie/Middleware/AddQueuedCookiesToResponse.php:37
#42 /vendor/laravel/framework/src/Illuminate/Pipeline/Pipeline.php:180
#43 /vendor/laravel/framework/src/Illuminate/Cookie/Middleware/EncryptCookies.php:67
#44 /vendor/laravel/framework/src/Illuminate/Pipeline/Pipeline.php:180
#45 /vendor/laramin/utility/src/Utility.php:14
#46 /vendor/laravel/framework/src/Illuminate/Pipeline/Pipeline.php:180
#47 /vendor/laravel/framework/src/Illuminate/Pipeline/Pipeline.php:116
#48 /vendor/laravel/framework/src/Illuminate/Routing/Router.php:797
#49 /vendor/laravel/framework/src/Illuminate/Routing/Router.php:776
  
[2024-01-10 12:31:52] local.INFO: Detected N+1 Query  
[2024-01-10 12:31:52] local.INFO: Model: App\Models\Escrow
Relation: App\Models\User
Num-Called: 2
Call-Stack:
#18 /app/Http/Controllers/Admin/EscrowController.php:60
#19 /app/Http/Controllers/Admin/EscrowController.php:18
#20 /vendor/laravel/framework/src/Illuminate/Routing/Controller.php:54
#21 /vendor/laravel/framework/src/Illuminate/Routing/ControllerDispatcher.php:43
#22 /vendor/laravel/framework/src/Illuminate/Routing/Route.php:259
#23 /vendor/laravel/framework/src/Illuminate/Routing/Route.php:205
#24 /vendor/laravel/framework/src/Illuminate/Routing/Router.php:798
#25 /vendor/laravel/framework/src/Illuminate/Pipeline/Pipeline.php:141
#26 /app/Http/Middleware/AdminPermissionMiddleware.php:28
#27 /vendor/laravel/framework/src/Illuminate/Pipeline/Pipeline.php:180
#28 /app/Http/Middleware/RedirectIfNotAdmin.php:23
#29 /vendor/laravel/framework/src/Illuminate/Pipeline/Pipeline.php:180
#30 /app/Http/Middleware/LanguageMiddleware.php:21
#31 /vendor/laravel/framework/src/Illuminate/Pipeline/Pipeline.php:180
#32 /vendor/laravel/framework/src/Illuminate/Routing/Middleware/SubstituteBindings.php:50
#33 /vendor/laravel/framework/src/Illuminate/Pipeline/Pipeline.php:180
#34 /vendor/laravel/framework/src/Illuminate/Foundation/Http/Middleware/VerifyCsrfToken.php:78
#35 /vendor/laravel/framework/src/Illuminate/Pipeline/Pipeline.php:180
#36 /vendor/laravel/framework/src/Illuminate/View/Middleware/ShareErrorsFromSession.php:49
#37 /vendor/laravel/framework/src/Illuminate/Pipeline/Pipeline.php:180
#38 /vendor/laravel/framework/src/Illuminate/Session/Middleware/StartSession.php:121
#39 /vendor/laravel/framework/src/Illuminate/Session/Middleware/StartSession.php:64
#40 /vendor/laravel/framework/src/Illuminate/Pipeline/Pipeline.php:180
#41 /vendor/laravel/framework/src/Illuminate/Cookie/Middleware/AddQueuedCookiesToResponse.php:37
#42 /vendor/laravel/framework/src/Illuminate/Pipeline/Pipeline.php:180
#43 /vendor/laravel/framework/src/Illuminate/Cookie/Middleware/EncryptCookies.php:67
#44 /vendor/laravel/framework/src/Illuminate/Pipeline/Pipeline.php:180
#45 /vendor/laramin/utility/src/Utility.php:14
#46 /vendor/laravel/framework/src/Illuminate/Pipeline/Pipeline.php:180
#47 /vendor/laravel/framework/src/Illuminate/Pipeline/Pipeline.php:116
#48 /vendor/laravel/framework/src/Illuminate/Routing/Router.php:797
#49 /vendor/laravel/framework/src/Illuminate/Routing/Router.php:776
  
[2024-01-10 12:32:03] local.INFO: Detected N+1 Query  
[2024-01-10 12:32:03] local.INFO: Model: App\Models\Escrow
Relation: App\Models\User
Num-Called: 2
Call-Stack:
#18 /app/Http/Controllers/Admin/EscrowController.php:60
#19 /app/Http/Controllers/Admin/EscrowController.php:18
#20 /vendor/laravel/framework/src/Illuminate/Routing/Controller.php:54
#21 /vendor/laravel/framework/src/Illuminate/Routing/ControllerDispatcher.php:43
#22 /vendor/laravel/framework/src/Illuminate/Routing/Route.php:259
#23 /vendor/laravel/framework/src/Illuminate/Routing/Route.php:205
#24 /vendor/laravel/framework/src/Illuminate/Routing/Router.php:798
#25 /vendor/laravel/framework/src/Illuminate/Pipeline/Pipeline.php:141
#26 /app/Http/Middleware/AdminPermissionMiddleware.php:28
#27 /vendor/laravel/framework/src/Illuminate/Pipeline/Pipeline.php:180
#28 /app/Http/Middleware/RedirectIfNotAdmin.php:23
#29 /vendor/laravel/framework/src/Illuminate/Pipeline/Pipeline.php:180
#30 /app/Http/Middleware/LanguageMiddleware.php:21
#31 /vendor/laravel/framework/src/Illuminate/Pipeline/Pipeline.php:180
#32 /vendor/laravel/framework/src/Illuminate/Routing/Middleware/SubstituteBindings.php:50
#33 /vendor/laravel/framework/src/Illuminate/Pipeline/Pipeline.php:180
#34 /vendor/laravel/framework/src/Illuminate/Foundation/Http/Middleware/VerifyCsrfToken.php:78
#35 /vendor/laravel/framework/src/Illuminate/Pipeline/Pipeline.php:180
#36 /vendor/laravel/framework/src/Illuminate/View/Middleware/ShareErrorsFromSession.php:49
#37 /vendor/laravel/framework/src/Illuminate/Pipeline/Pipeline.php:180
#38 /vendor/laravel/framework/src/Illuminate/Session/Middleware/StartSession.php:121
#39 /vendor/laravel/framework/src/Illuminate/Session/Middleware/StartSession.php:64
#40 /vendor/laravel/framework/src/Illuminate/Pipeline/Pipeline.php:180
#41 /vendor/laravel/framework/src/Illuminate/Cookie/Middleware/AddQueuedCookiesToResponse.php:37
#42 /vendor/laravel/framework/src/Illuminate/Pipeline/Pipeline.php:180
#43 /vendor/laravel/framework/src/Illuminate/Cookie/Middleware/EncryptCookies.php:67
#44 /vendor/laravel/framework/src/Illuminate/Pipeline/Pipeline.php:180
#45 /vendor/laramin/utility/src/Utility.php:14
#46 /vendor/laravel/framework/src/Illuminate/Pipeline/Pipeline.php:180
#47 /vendor/laravel/framework/src/Illuminate/Pipeline/Pipeline.php:116
#48 /vendor/laravel/framework/src/Illuminate/Routing/Router.php:797
#49 /vendor/laravel/framework/src/Illuminate/Routing/Router.php:776
  
[2024-01-10 12:32:12] local.INFO: Detected N+1 Query  
[2024-01-10 12:32:12] local.INFO: Model: App\Models\Escrow
Relation: App\Models\User
Num-Called: 2
Call-Stack:
#18 /app/Http/Controllers/Admin/EscrowController.php:60
#19 /app/Http/Controllers/Admin/EscrowController.php:18
#20 /vendor/laravel/framework/src/Illuminate/Routing/Controller.php:54
#21 /vendor/laravel/framework/src/Illuminate/Routing/ControllerDispatcher.php:43
#22 /vendor/laravel/framework/src/Illuminate/Routing/Route.php:259
#23 /vendor/laravel/framework/src/Illuminate/Routing/Route.php:205
#24 /vendor/laravel/framework/src/Illuminate/Routing/Router.php:798
#25 /vendor/laravel/framework/src/Illuminate/Pipeline/Pipeline.php:141
#26 /app/Http/Middleware/AdminPermissionMiddleware.php:28
#27 /vendor/laravel/framework/src/Illuminate/Pipeline/Pipeline.php:180
#28 /app/Http/Middleware/RedirectIfNotAdmin.php:23
#29 /vendor/laravel/framework/src/Illuminate/Pipeline/Pipeline.php:180
#30 /app/Http/Middleware/LanguageMiddleware.php:21
#31 /vendor/laravel/framework/src/Illuminate/Pipeline/Pipeline.php:180
#32 /vendor/laravel/framework/src/Illuminate/Routing/Middleware/SubstituteBindings.php:50
#33 /vendor/laravel/framework/src/Illuminate/Pipeline/Pipeline.php:180
#34 /vendor/laravel/framework/src/Illuminate/Foundation/Http/Middleware/VerifyCsrfToken.php:78
#35 /vendor/laravel/framework/src/Illuminate/Pipeline/Pipeline.php:180
#36 /vendor/laravel/framework/src/Illuminate/View/Middleware/ShareErrorsFromSession.php:49
#37 /vendor/laravel/framework/src/Illuminate/Pipeline/Pipeline.php:180
#38 /vendor/laravel/framework/src/Illuminate/Session/Middleware/StartSession.php:121
#39 /vendor/laravel/framework/src/Illuminate/Session/Middleware/StartSession.php:64
#40 /vendor/laravel/framework/src/Illuminate/Pipeline/Pipeline.php:180
#41 /vendor/laravel/framework/src/Illuminate/Cookie/Middleware/AddQueuedCookiesToResponse.php:37
#42 /vendor/laravel/framework/src/Illuminate/Pipeline/Pipeline.php:180
#43 /vendor/laravel/framework/src/Illuminate/Cookie/Middleware/EncryptCookies.php:67
#44 /vendor/laravel/framework/src/Illuminate/Pipeline/Pipeline.php:180
#45 /vendor/laramin/utility/src/Utility.php:14
#46 /vendor/laravel/framework/src/Illuminate/Pipeline/Pipeline.php:180
#47 /vendor/laravel/framework/src/Illuminate/Pipeline/Pipeline.php:116
#48 /vendor/laravel/framework/src/Illuminate/Routing/Router.php:797
#49 /vendor/laravel/framework/src/Illuminate/Routing/Router.php:776
  
[2024-01-10 12:37:05] local.INFO: Detected N+1 Query  
[2024-01-10 12:37:05] local.INFO: Model: App\Models\Escrow
Relation: App\Models\User
Num-Called: 2
Call-Stack:
#18 /app/Http/Controllers/Admin/EscrowController.php:60
#19 /app/Http/Controllers/Admin/EscrowController.php:18
#20 /vendor/laravel/framework/src/Illuminate/Routing/Controller.php:54
#21 /vendor/laravel/framework/src/Illuminate/Routing/ControllerDispatcher.php:43
#22 /vendor/laravel/framework/src/Illuminate/Routing/Route.php:259
#23 /vendor/laravel/framework/src/Illuminate/Routing/Route.php:205
#24 /vendor/laravel/framework/src/Illuminate/Routing/Router.php:798
#25 /vendor/laravel/framework/src/Illuminate/Pipeline/Pipeline.php:141
#26 /app/Http/Middleware/AdminPermissionMiddleware.php:28
#27 /vendor/laravel/framework/src/Illuminate/Pipeline/Pipeline.php:180
#28 /app/Http/Middleware/RedirectIfNotAdmin.php:23
#29 /vendor/laravel/framework/src/Illuminate/Pipeline/Pipeline.php:180
#30 /app/Http/Middleware/LanguageMiddleware.php:21
#31 /vendor/laravel/framework/src/Illuminate/Pipeline/Pipeline.php:180
#32 /vendor/laravel/framework/src/Illuminate/Routing/Middleware/SubstituteBindings.php:50
#33 /vendor/laravel/framework/src/Illuminate/Pipeline/Pipeline.php:180
#34 /vendor/laravel/framework/src/Illuminate/Foundation/Http/Middleware/VerifyCsrfToken.php:78
#35 /vendor/laravel/framework/src/Illuminate/Pipeline/Pipeline.php:180
#36 /vendor/laravel/framework/src/Illuminate/View/Middleware/ShareErrorsFromSession.php:49
#37 /vendor/laravel/framework/src/Illuminate/Pipeline/Pipeline.php:180
#38 /vendor/laravel/framework/src/Illuminate/Session/Middleware/StartSession.php:121
#39 /vendor/laravel/framework/src/Illuminate/Session/Middleware/StartSession.php:64
#40 /vendor/laravel/framework/src/Illuminate/Pipeline/Pipeline.php:180
#41 /vendor/laravel/framework/src/Illuminate/Cookie/Middleware/AddQueuedCookiesToResponse.php:37
#42 /vendor/laravel/framework/src/Illuminate/Pipeline/Pipeline.php:180
#43 /vendor/laravel/framework/src/Illuminate/Cookie/Middleware/EncryptCookies.php:67
#44 /vendor/laravel/framework/src/Illuminate/Pipeline/Pipeline.php:180
#45 /vendor/laramin/utility/src/Utility.php:14
#46 /vendor/laravel/framework/src/Illuminate/Pipeline/Pipeline.php:180
#47 /vendor/laravel/framework/src/Illuminate/Pipeline/Pipeline.php:116
#48 /vendor/laravel/framework/src/Illuminate/Routing/Router.php:797
#49 /vendor/laravel/framework/src/Illuminate/Routing/Router.php:776
  
[2024-01-10 12:52:47] local.INFO: Detected N+1 Query  
[2024-01-10 12:52:47] local.INFO: Model: App\Models\Escrow
Relation: App\Models\User
Num-Called: 2
Call-Stack:
#18 /app/Http/Controllers/Admin/EscrowController.php:60
#19 /app/Http/Controllers/Admin/EscrowController.php:18
#20 /vendor/laravel/framework/src/Illuminate/Routing/Controller.php:54
#21 /vendor/laravel/framework/src/Illuminate/Routing/ControllerDispatcher.php:43
#22 /vendor/laravel/framework/src/Illuminate/Routing/Route.php:259
#23 /vendor/laravel/framework/src/Illuminate/Routing/Route.php:205
#24 /vendor/laravel/framework/src/Illuminate/Routing/Router.php:798
#25 /vendor/laravel/framework/src/Illuminate/Pipeline/Pipeline.php:141
#26 /app/Http/Middleware/AdminPermissionMiddleware.php:28
#27 /vendor/laravel/framework/src/Illuminate/Pipeline/Pipeline.php:180
#28 /app/Http/Middleware/RedirectIfNotAdmin.php:23
#29 /vendor/laravel/framework/src/Illuminate/Pipeline/Pipeline.php:180
#30 /app/Http/Middleware/LanguageMiddleware.php:21
#31 /vendor/laravel/framework/src/Illuminate/Pipeline/Pipeline.php:180
#32 /vendor/laravel/framework/src/Illuminate/Routing/Middleware/SubstituteBindings.php:50
#33 /vendor/laravel/framework/src/Illuminate/Pipeline/Pipeline.php:180
#34 /vendor/laravel/framework/src/Illuminate/Foundation/Http/Middleware/VerifyCsrfToken.php:78
#35 /vendor/laravel/framework/src/Illuminate/Pipeline/Pipeline.php:180
#36 /vendor/laravel/framework/src/Illuminate/View/Middleware/ShareErrorsFromSession.php:49
#37 /vendor/laravel/framework/src/Illuminate/Pipeline/Pipeline.php:180
#38 /vendor/laravel/framework/src/Illuminate/Session/Middleware/StartSession.php:121
#39 /vendor/laravel/framework/src/Illuminate/Session/Middleware/StartSession.php:64
#40 /vendor/laravel/framework/src/Illuminate/Pipeline/Pipeline.php:180
#41 /vendor/laravel/framework/src/Illuminate/Cookie/Middleware/AddQueuedCookiesToResponse.php:37
#42 /vendor/laravel/framework/src/Illuminate/Pipeline/Pipeline.php:180
#43 /vendor/laravel/framework/src/Illuminate/Cookie/Middleware/EncryptCookies.php:67
#44 /vendor/laravel/framework/src/Illuminate/Pipeline/Pipeline.php:180
#45 /vendor/laramin/utility/src/Utility.php:14
#46 /vendor/laravel/framework/src/Illuminate/Pipeline/Pipeline.php:180
#47 /vendor/laravel/framework/src/Illuminate/Pipeline/Pipeline.php:116
#48 /vendor/laravel/framework/src/Illuminate/Routing/Router.php:797
#49 /vendor/laravel/framework/src/Illuminate/Routing/Router.php:776
  
